# JRE version: Java(TM) SE Runtime Environment (8.0_66-b18) (build 1.8.0_66-b18)
# Java VM: Java HotSpot(TM) 64-Bit Server VM (25.66-b18 mixed mode windows-amd64 compressed oops)
Heap:
 PSYoungGen      total 70144K, used 42761K [0x00000000eab00000, 0x00000000f0000000, 0x0000000100000000)
  eden space 57344K, 74% used [0x00000000eab00000,0x00000000ed4c2690,0x00000000ee300000)
  from space 12800K, 0% used [0x00000000ee700000,0x00000000ee700000,0x00000000ef380000)
  to   space 12800K, 0% used [0x00000000ef380000,0x00000000ef380000,0x00000000f0000000)
 ParOldGen       total 84480K, used 28279K [0x00000000c0000000, 0x00000000c5280000, 0x00000000eab00000)
  object space 84480K, 33% used [0x00000000c0000000,0x00000000c1b9dee8,0x00000000c5280000)
 Metaspace       used 42067K, capacity 45586K, committed 45952K, reserved 1089536K
  class space    used 4974K, capacity 6165K, committed 6272K, reserved 1048576K
GC Heap History (10 events):
Event: 1.531 GC heap before
{Heap before GC invocations=5 (full 0):
 PSYoungGen      total 35328K, used 17872K [0x00000000eab00000, 0x00000000ed000000, 0x0000000100000000)
  eden space 32768K, 46% used [0x00000000eab00000,0x00000000eb9f6b38,0x00000000ecb00000)
  from space 2560K, 99% used [0x00000000ecd80000,0x00000000ecffd598,0x00000000ed000000)
  to   space 2560K, 0% used [0x00000000ecb00000,0x00000000ecb00000,0x00000000ecd80000)
 ParOldGen       total 44032K, used 18151K [0x00000000c0000000, 0x00000000c2b00000, 0x00000000eab00000)
  object space 44032K, 41% used [0x00000000c0000000,0x00000000c11b9d70,0x00000000c2b00000)
 Metaspace       used 19303K, capacity 21138K, committed 21296K, reserved 1069056K
  class space    used 2072K, capacity 2603K, committed 2688K, reserved 1048576K
Event: 1.537 GC heap after
Heap after GC invocations=5 (full 0):
 PSYoungGen      total 35328K, used 2531K [0x00000000eab00000, 0x00000000f0100000, 0x0000000100000000)
  eden space 32768K, 0% used [0x00000000eab00000,0x00000000eab00000,0x00000000ecb00000)
  from space 2560K, 98% used [0x00000000ecb00000,0x00000000ecd78db8,0x00000000ecd80000)
  to   space 11264K, 0% used [0x00000000ef600000,0x00000000ef600000,0x00000000f0100000)
 ParOldGen       total 44032K, used 23891K [0x00000000c0000000, 0x00000000c2b00000, 0x00000000eab00000)
  object space 44032K, 54% used [0x00000000c0000000,0x00000000c1754f00,0x00000000c2b00000)
 Metaspace       used 19303K, capacity 21138K, committed 21296K, reserved 1069056K
  class space    used 2072K, capacity 2603K, committed 2688K, reserved 1048576K
}
Event: 1.537 GC heap before
{Heap before GC invocations=6 (full 1):
 PSYoungGen      total 35328K, used 2531K [0x00000000eab00000, 0x00000000f0100000, 0x0000000100000000)
  eden space 32768K, 0% used [0x00000000eab00000,0x00000000eab00000,0x00000000ecb00000)
  from space 2560K, 98% used [0x00000000ecb00000,0x00000000ecd78db8,0x00000000ecd80000)
  to   space 11264K, 0% used [0x00000000ef600000,0x00000000ef600000,0x00000000f0100000)
 ParOldGen       total 44032K, used 23891K [0x00000000c0000000, 0x00000000c2b00000, 0x00000000eab00000)
  object space 44032K, 54% used [0x00000000c0000000,0x00000000c1754f00,0x00000000c2b00000)
 Metaspace       used 19303K, capacity 21138K, committed 21296K, reserved 1069056K
  class space    used 2072K, capacity 2603K, committed 2688K, reserved 1048576K
Event: 1.616 GC heap after
Heap after GC invocations=6 (full 1):
 PSYoungGen      total 35328K, used 0K [0x00000000eab00000, 0x00000000f0100000, 0x0000000100000000)
  eden space 32768K, 0% used [0x00000000eab00000,0x00000000eab00000,0x00000000ecb00000)
  from space 2560K, 0% used [0x00000000ecb00000,0x00000000ecb00000,0x00000000ecd80000)
  to   space 11264K, 0% used [0x00000000ef600000,0x00000000ef600000,0x00000000f0100000)
 ParOldGen       total 58880K, used 23289K [0x00000000c0000000, 0x00000000c3980000, 0x00000000eab00000)
  object space 58880K, 39% used [0x00000000c0000000,0x00000000c16be508,0x00000000c3980000)
 Metaspace       used 19303K, capacity 21138K, committed 21296K, reserved 1069056K
  class space    used 2072K, capacity 2603K, committed 2688K, reserved 1048576K
}
Event: 2.363 GC heap before
{Heap before GC invocations=7 (full 1):
 PSYoungGen      total 35328K, used 32768K [0x00000000eab00000, 0x00000000f0100000, 0x0000000100000000)
  eden space 32768K, 100% used [0x00000000eab00000,0x00000000ecb00000,0x00000000ecb00000)
  from space 2560K, 0% used [0x00000000ecb00000,0x00000000ecb00000,0x00000000ecd80000)
  to   space 11264K, 0% used [0x00000000ef600000,0x00000000ef600000,0x00000000f0100000)
 ParOldGen       total 58880K, used 23289K [0x00000000c0000000, 0x00000000c3980000, 0x00000000eab00000)
  object space 58880K, 39% used [0x00000000c0000000,0x00000000c16be508,0x00000000c3980000)
 Metaspace       used 28842K, capacity 31430K, committed 31488K, reserved 1077248K
  class space    used 3356K, capacity 4096K, committed 4096K, reserved 1048576K
Event: 2.370 GC heap after
Heap after GC invocations=7 (full 1):
 PSYoungGen      total 54784K, used 11262K [0x00000000eab00000, 0x00000000f0100000, 0x0000000100000000)
  eden space 43520K, 0% used [0x00000000eab00000,0x00000000eab00000,0x00000000ed580000)
  from space 11264K, 99% used [0x00000000ef600000,0x00000000f00ffbf8,0x00000000f0100000)
  to   space 13312K, 0% used [0x00000000ee700000,0x00000000ee700000,0x00000000ef400000)
 ParOldGen       total 58880K, used 24712K [0x00000000c0000000, 0x00000000c3980000, 0x00000000eab00000)
  object space 58880K, 41% used [0x00000000c0000000,0x00000000c1822188,0x00000000c3980000)
 Metaspace       used 28842K, capacity 31430K, committed 31488K, reserved 1077248K
  class space    used 3356K, capacity 4096K, committed 4096K, reserved 1048576K
}
Event: 2.918 GC heap before
{Heap before GC invocations=8 (full 1):
 PSYoungGen      total 54784K, used 46257K [0x00000000eab00000, 0x00000000f0100000, 0x0000000100000000)
  eden space 43520K, 80% used [0x00000000eab00000,0x00000000ecd2c990,0x00000000ed580000)
  from space 11264K, 99% used [0x00000000ef600000,0x00000000f00ffbf8,0x00000000f0100000)
  to   space 13312K, 0% used [0x00000000ee700000,0x00000000ee700000,0x00000000ef400000)
 ParOldGen       total 58880K, used 24712K [0x00000000c0000000, 0x00000000c3980000, 0x00000000eab00000)
  object space 58880K, 41% used [0x00000000c0000000,0x00000000c1822188,0x00000000c3980000)
 Metaspace       used 32345K, capacity 35386K, committed 35456K, reserved 1079296K
  class space    used 3835K, capacity 4729K, committed 4736K, reserved 1048576K
Event: 2.929 GC heap after
Heap after GC invocations=8 (full 1):
 PSYoungGen      total 70144K, used 12437K [0x00000000eab00000, 0x00000000f0000000, 0x0000000100000000)
  eden space 57344K, 0% used [0x00000000eab00000,0x00000000eab00000,0x00000000ee300000)
  from space 12800K, 97% used [0x00000000ee700000,0x00000000ef3257a0,0x00000000ef380000)
  to   space 12800K, 0% used [0x00000000ef380000,0x00000000ef380000,0x00000000f0000000)
 ParOldGen       total 58880K, used 24720K [0x00000000c0000000, 0x00000000c3980000, 0x00000000eab00000)
  object space 58880K, 41% used [0x00000000c0000000,0x00000000c1824188,0x00000000c3980000)
 Metaspace       used 32345K, capacity 35386K, committed 35456K, reserved 1079296K
  class space    used 3835K, capacity 4729K, committed 4736K, reserved 1048576K
}
Event: 2.929 GC heap before
{Heap before GC invocations=9 (full 2):
 PSYoungGen      total 70144K, used 12437K [0x00000000eab00000, 0x00000000f0000000, 0x0000000100000000)
  eden space 57344K, 0% used [0x00000000eab00000,0x00000000eab00000,0x00000000ee300000)
  from space 12800K, 97% used [0x00000000ee700000,0x00000000ef3257a0,0x00000000ef380000)
  to   space 12800K, 0% used [0x00000000ef380000,0x00000000ef380000,0x00000000f0000000)
 ParOldGen       total 58880K, used 24720K [0x00000000c0000000, 0x00000000c3980000, 0x00000000eab00000)
  object space 58880K, 41% used [0x00000000c0000000,0x00000000c1824188,0x00000000c3980000)
 Metaspace       used 32345K, capacity 35386K, committed 35456K, reserved 1079296K
  class space    used 3835K, capacity 4729K, committed 4736K, reserved 1048576K
Event: 3.017 GC heap after
Heap after GC invocations=9 (full 2):
 PSYoungGen      total 70144K, used 0K [0x00000000eab00000, 0x00000000f0000000, 0x0000000100000000)
  eden space 57344K, 0% used [0x00000000eab00000,0x00000000eab00000,0x00000000ee300000)
  from space 12800K, 0% used [0x00000000ee700000,0x00000000ee700000,0x00000000ef380000)
  to   space 12800K, 0% used [0x00000000ef380000,0x00000000ef380000,0x00000000f0000000)
 ParOldGen       total 84480K, used 28279K [0x00000000c0000000, 0x00000000c5280000, 0x00000000eab00000)
  object space 84480K, 33% used [0x00000000c0000000,0x00000000c1b9dee8,0x00000000c5280000)
 Metaspace       used 32345K, capacity 35386K, committed 35456K, reserved 1079296K
  class space    used 3835K, capacity 4729K, committed 4736K, reserved 1048576K
}

